TN:
SF:src/services/slices/constructorSlice/burgerConstructorSlice.ts
FN:23,reducer
FN:30,prepare
FN:35,deleteBurgerComponent
FN:43,setIngredientsState
FN:49,setBunState
FN:57,selectBurgerBun
FN:58,selectBurgerIngredients
FNF:7
FNH:5
FNDA:1,reducer
FNDA:1,prepare
FNDA:1,deleteBurgerComponent
FNDA:1,setIngredientsState
FNDA:1,setBunState
FNDA:0,selectBurgerBun
FNDA:0,selectBurgerIngredients
DA:1,1
DA:2,1
DA:3,1
DA:4,1
DA:5,1
DA:6,1
DA:7,1
DA:8,1
DA:9,1
DA:10,1
DA:11,1
DA:12,1
DA:13,1
DA:14,1
DA:15,1
DA:16,1
DA:17,1
DA:18,1
DA:19,1
DA:20,1
DA:21,1
DA:22,1
DA:23,1
DA:24,1
DA:25,1
DA:26,1
DA:27,0
DA:28,0
DA:29,1
DA:30,1
DA:31,1
DA:32,1
DA:33,1
DA:34,1
DA:35,1
DA:36,1
DA:37,1
DA:38,1
DA:39,1
DA:40,1
DA:41,1
DA:42,1
DA:43,1
DA:44,1
DA:45,1
DA:46,1
DA:47,1
DA:48,1
DA:49,1
DA:50,1
DA:51,1
DA:52,1
DA:53,1
DA:54,1
DA:55,1
DA:56,1
DA:57,1
DA:58,1
DA:59,1
DA:60,1
DA:61,1
DA:62,1
DA:63,1
DA:64,1
DA:65,1
DA:66,1
DA:67,1
DA:68,1
DA:69,1
DA:70,1
LF:70
LH:68
BRDA:23,0,0,1
BRDA:26,1,0,0
BRDA:30,2,0,1
BRDA:35,3,0,1
BRDA:43,4,0,1
BRDA:49,5,0,1
BRF:6
BRH:5
end_of_record
